2025-10-26 00:00:17, MOVE, v:1, k:poo@grafite, mode:PICK
2025-10-26 00:00:17, EXEC, v:1, k:poo@grafite, mode:FULL, rate:0
2025-10-26 00:00:19, MOVE, v:1, k:poo@grafite, mode:BACK
2025-10-26 00:26:55, MOVE, v:1, k:poo@grafite, mode:PICK
2025-10-26 00:26:55, EXEC, v:1, k:poo@grafite, mode:FULL, rate:0
2025-10-26 00:26:58, MOVE, v:1, k:poo@grafite, mode:BACK
2025-10-26 01:14:09, MOVE, v:1, k:poo@grafite, mode:PICK
2025-10-26 01:14:10, EXEC, v:1, k:poo@grafite, mode:FULL, rate:0
2025-10-26 01:14:11, MOVE, v:1, k:poo@grafite, mode:BACK
2025-10-26 20:27:05, MOVE, v:1, k:poo@motoca, mode:PICK
2025-10-26 20:27:06, EXEC, v:1, k:poo@motoca, mode:FULL, rate:0, size:26
2025-10-26 20:27:08, MOVE, v:1, k:poo@motoca, mode:BACK
2025-10-26 20:40:05, MOVE, v:1, k:poo@motoca, mode:PICK
2025-10-26 20:40:05, EXEC, v:1, k:poo@motoca, mode:FULL, rate:0, size:57
2025-10-26 20:40:12, MOVE, v:1, k:poo@motoca, mode:BACK
2025-10-26 20:52:11, MOVE, v:1, k:poo@motoca, mode:PICK
2025-10-26 20:52:12, EXEC, v:1, k:poo@motoca, mode:FULL, rate:60, size:88
2025-10-26 21:03:18, EXEC, v:1, k:poo@motoca, mode:FULL, rate:66, size:91
2025-10-26 21:08:01, EXEC, v:1, k:poo@motoca, mode:FULL, rate:100, size:93
2025-10-26 21:08:09, MOVE, v:1, k:poo@motoca, mode:BACK
2025-10-26 21:08:47, SELF, v:1, k:poo@motoca, rate:100, alone:1
2025-10-26 21:08:52, MOVE, v:1, k:poo@motoca, mode:PICK
2025-10-26 21:08:53, EXEC, v:1, k:poo@motoca, mode:FULL, rate:100
2025-10-26 21:08:55, MOVE, v:1, k:poo@motoca, mode:BACK
2025-10-26 21:09:04, SELF, v:1, k:poo@motoca, rate:100, alone:1
2025-10-26 21:09:04, MOVE, v:1, k:poo@motoca, mode:PICK
2025-10-26 21:09:06, MOVE, v:1, k:poo@motoca, mode:BACK
2025-10-26 21:09:10, MOVE, v:1, k:poo@grafite, mode:PICK
2025-10-26 21:09:11, EXEC, v:1, k:poo@grafite, mode:FULL, rate:0
2025-10-26 21:09:14, MOVE, v:1, k:poo@grafite, mode:BACK
2025-10-26 21:09:16, MOVE, v:1, k:poo@motouber, mode:PICK
2025-10-26 21:09:17, EXEC, v:1, k:poo@motouber, mode:FULL, rate:0, size:0
2025-10-26 21:09:56, MOVE, v:1, k:poo@motouber, mode:BACK
2025-10-26 21:14:13, MOVE, v:1, k:poo@motouber, mode:PICK
2025-10-26 21:14:14, EXEC, v:1, k:poo@motouber, mode:FULL, rate:0, size:1
2025-10-26 21:14:15, MOVE, v:1, k:poo@motouber, mode:BACK
2025-10-26 21:17:52, MOVE, v:1, k:poo@notebook, mode:PICK
2025-10-26 21:17:54, EXEC, v:1, k:poo@notebook, mode:LOCK, rate:100
2025-10-26 21:17:59, MOVE, v:1, k:poo@notebook, mode:BACK
2025-10-26 21:18:05, MOVE, v:1, k:poo@motouber, mode:PICK
2025-10-26 21:18:05, EXEC, v:1, k:poo@motouber, mode:FULL, rate:0
2025-10-26 21:18:07, MOVE, v:1, k:poo@motouber, mode:BACK
2025-10-26 21:39:56, MOVE, v:1, k:poo@motouber, mode:PICK
2025-10-26 21:39:56, EXEC, v:1, k:poo@motouber, mode:FULL, rate:0, size:4
2025-10-26 21:39:57, MOVE, v:1, k:poo@motouber, mode:BACK
2025-10-26 21:40:26, MOVE, v:1, k:poo@motouber, mode:PICK
2025-10-26 21:40:27, EXEC, v:1, k:poo@motouber, mode:FULL, rate:0, size:2
2025-10-26 21:40:28, MOVE, v:1, k:poo@motouber, mode:BACK
2025-10-26 22:05:52, MOVE, v:1, k:poo@motouber, mode:PICK
2025-10-26 22:05:53, EXEC, v:1, k:poo@motouber, mode:FULL, rate:0, size:22
2025-10-26 22:05:56, MOVE, v:1, k:poo@motouber, mode:BACK
2025-10-26 22:24:33, MOVE, v:1, k:poo@motouber, mode:PICK
2025-10-26 22:24:34, EXEC, v:1, k:poo@motouber, mode:FULL, rate:0
2025-10-26 22:24:35, MOVE, v:1, k:poo@motouber, mode:BACK
2025-10-26 22:26:18, MOVE, v:1, k:poo@motouber, mode:PICK
2025-10-26 22:26:19, EXEC, v:1, k:poo@motouber, mode:FULL, rate:0
2025-10-26 22:26:20, MOVE, v:1, k:poo@motouber, mode:BACK
2025-10-26 22:34:59, MOVE, v:1, k:poo@motouber, mode:PICK
2025-10-26 22:35:00, EXEC, v:1, k:poo@motouber, mode:FULL, rate:0
2025-10-26 22:35:01, MOVE, v:1, k:poo@motouber, mode:BACK
2025-10-26 22:35:17, MOVE, v:1, k:poo@charger, mode:PICK
2025-10-26 22:35:18, EXEC, v:1, k:poo@charger, mode:FULL, rate:0, size:0
2025-10-26 22:35:20, MOVE, v:1, k:poo@charger, mode:BACK
