2025-10-27 17:26:19, MOVE, v:1, k:poo@motouber, mode:PICK
2025-10-27 17:26:23, EXEC, v:1, k:poo@motouber, mode:FULL, rate:0
2025-10-27 17:26:24, MOVE, v:1, k:poo@motouber, mode:BACK
2025-10-27 17:54:05, MOVE, v:1, k:poo@motouber, mode:PICK
2025-10-27 17:54:06, EXEC, v:1, k:poo@motouber, mode:FULL, rate:0, size:54
2025-10-27 17:54:08, MOVE, v:1, k:poo@motouber, mode:BACK
2025-10-27 18:34:53, MOVE, v:1, k:poo@motouber, mode:PICK
2025-10-27 18:34:54, EXEC, v:1, k:poo@motouber, mode:FULL, rate:0, size:76
2025-10-27 18:34:57, MOVE, v:1, k:poo@motouber, mode:BACK
2025-10-27 18:35:26, MOVE, v:1, k:poo@motouber, mode:PICK
2025-10-27 18:35:27, EXEC, v:1, k:poo@motouber, mode:FULL, rate:87, size:89
2025-10-27 18:36:44, MOVE, v:1, k:poo@motouber, mode:PICK
2025-10-27 18:36:46, EXEC, v:1, k:poo@motouber, mode:FULL, rate:87
2025-10-27 18:39:52, EXEC, v:1, k:poo@motouber, mode:FULL, rate:87, size:90
2025-10-27 18:43:52, EXEC, v:1, k:poo@motouber, mode:FULL, rate:87, size:92
2025-10-27 18:44:38, EXEC, v:1, k:poo@motouber, mode:FULL, rate:87, size:93
2025-10-27 18:47:20, EXEC, v:1, k:poo@motouber, mode:FULL, rate:100, size:88
2025-10-27 18:47:24, MOVE, v:1, k:poo@motouber, mode:BACK
2025-10-27 18:52:31, SELF, v:1, k:poo@motouber, rate:100, alone:4
2025-10-27 18:52:39, MOVE, v:1, k:poo@grafite, mode:PICK
2025-10-27 18:52:40, EXEC, v:1, k:poo@grafite, mode:FULL, rate:0
2025-10-27 18:52:41, MOVE, v:1, k:poo@grafite, mode:BACK
2025-10-27 19:30:42, MOVE, v:1, k:poo@grafite, mode:PICK
2025-10-27 19:30:43, EXEC, v:1, k:poo@grafite, mode:FULL, rate:0, size:94
2025-10-27 19:49:42, EXEC, v:1, k:poo@grafite, mode:FULL, rate:0, size:108
2025-10-27 19:49:43, EXEC, v:1, k:poo@grafite, mode:FULL, rate:0
2025-10-27 19:49:44, EXEC, v:1, k:poo@grafite, mode:FULL, rate:0
2025-10-27 19:50:39, EXEC, v:1, k:poo@grafite, mode:FULL, rate:100, size:112
2025-10-27 19:51:25, MOVE, v:1, k:poo@grafite, mode:BACK
2025-10-27 19:51:35, MOVE, v:1, k:poo@grafite, mode:PICK
2025-10-27 19:51:36, EXEC, v:1, k:poo@grafite, mode:FULL, rate:100, size:113
2025-10-27 19:51:38, MOVE, v:1, k:poo@grafite, mode:BACK
2025-10-27 19:51:47, SELF, v:1, k:poo@grafite, rate:100, alone:3
